TN:
SF:script/Counter.s.sol
DA:10,0
FN:10,CounterScript.setUp
FNDA:0,CounterScript.setUp
DA:12,0
FN:12,CounterScript.run
FNDA:0,CounterScript.run
DA:13,0
DA:15,0
DA:17,0
FNF:2
FNH:0
LF:5
LH:0
BRF:0
BRH:0
end_of_record
TN:
SF:src/Counter.sol
DA:7,258
FN:7,Counter.setNumber
FNDA:258,Counter.setNumber
DA:8,258
DA:11,1
FN:11,Counter.increment
FNDA:1,Counter.increment
DA:12,1
FNF:2
FNH:2
LF:4
LH:4
BRF:0
BRH:0
end_of_record
TN:
SF:src/Simple.sol
DA:7,0
FN:7,Simple.onlyOwner
FNDA:0,Simple.onlyOwner
DA:8,0
BRDA:8,0,0,-
BRDA:8,0,1,-
DA:12,512
FN:12,Simple.deposit
FNDA:512,Simple.deposit
DA:13,512
DA:16,256
FN:16,Simple.withdraw
FNDA:256,Simple.withdraw
DA:17,256
BRDA:17,1,0,256
DA:18,216
BRDA:18,2,0,-
BRDA:18,2,1,216
DA:19,216
FNF:3
FNH:2
LF:8
LH:6
BRF:5
BRH:2
end_of_record
