SF:src/Vault.sol
DA:15,8
FN:15,Vault.constructor
FNDA:8,Vault.constructor
DA:16,8
DA:19,49734
FN:19,Vault.deposit
FNDA:49734,Vault.deposit
DA:20,49734
BRDA:20,0,0,-
BRDA:20,0,1,49734
DA:21,49734
DA:22,49734
DA:23,49734
DA:24,49734
DA:27,46668
FN:27,Vault.withdraw
FNDA:46668,Vault.withdraw
DA:28,46668
BRDA:28,1,0,-
BRDA:28,1,1,46668
DA:29,46668
DA:30,46668
DA:31,46668
FNF:3
FNH:3
LF:13
LH:13
BRF:4
BRH:2
end_of_record
TN:
SF:test/fuzzming/Vault/VaultHandler.sol
DA:20,6
FN:20,VaultHandler.constructor
FNDA:6,VaultHandler.constructor
DA:21,6
DA:22,6
DA:25,38340
FN:25,VaultHandler._selectOrCreateActor
FNDA:38340,VaultHandler._selectOrCreateActor
DA:26,38340
BRDA:26,0,0,14298
BRDA:26,0,1,24042
DA:27,14298
DA:29,24042
DA:33,0
FN:33,VaultHandler.actorsLength
FNDA:0,VaultHandler.actorsLength
DA:34,0
DA:37,38340
FN:37,VaultHandler.handler_deposit
FNDA:38340,VaultHandler.handler_deposit
DA:38,38340
DA:39,38340
BRDA:39,1,0,13841
DA:40,13841
DA:41,13841
DA:43,38340
DA:44,38340
BRDA:44,2,0,1082
DA:45,37258
DA:46,37258
DA:47,37258
DA:48,37258
DA:49,37258
DA:50,37258
DA:51,37258
DA:52,37258
DA:55,38760
FN:55,VaultHandler.handler_withdraw
FNDA:38760,VaultHandler.handler_withdraw
DA:56,38760
BRDA:56,3,0,38760
DA:57,37308
DA:58,37308
DA:59,37308
BRDA:59,4,0,1623
DA:60,35685
DA:61,35685
DA:62,35685
DA:63,35685
DA:64,35685
FNF:5
FNH:4
LF:34
LH:32
BRF:6
BRH:6
end_of_record
TN:
SF:test/handlers/VaultHandler.sol
DA:18,2
FN:18,VaultHandler.constructor
FNDA:2,VaultHandler.constructor
DA:19,2
DA:20,2
DA:21,2
DA:22,2
DA:23,2
DA:26,12780
FN:26,VaultHandler.useActor
FNDA:12780,VaultHandler.useActor
DA:27,12780
DA:28,12780
DA:30,12780
DA:33,12780
FN:33,VaultHandler.handler_deposit
FNDA:12780,VaultHandler.handler_deposit
DA:34,12780
DA:35,12780
BRDA:35,0,0,304
DA:36,12476
DA:37,12476
DA:38,12476
DA:39,12476
DA:40,12476
DA:43,12920
FN:43,VaultHandler.handler_withdraw
FNDA:12920,VaultHandler.handler_withdraw
DA:44,12920
DA:45,12920
BRDA:45,1,0,1937
DA:46,10983
DA:47,10983
DA:48,10983
FNF:4
FNH:4
LF:24
LH:24
BRF:2
BRH:2
end_of_record